
-----------------------------------------------------------------------------------------------------------------
(9,10223654,1,LUIS ROMERO,152.897)
(9,10228926,1,PEDRO BETANCOHUR,20.0121)
(9,1059905468,1,JHON JAIRO CHILITO,224.967)
(9,1061724876,1,MIGUEL ASTAIZA,445.812)
(9,1061750261,1,JULIAN SANDOVAL,7.49304)
(9,10695837,1,ADEMIR LARRAHONDO,0)
(9,1107034484,1,NILSON MULATO,318.412)
(9,1114728140,1,CARLOS ALBERTO ANACONA,395.533)
(9,1118256058,1,JHON JAIRO M,0)
(9,1118288497,1,JHON MAURICIO RODRIGUEZ,56.0733)
(9,1130676706,1,JONATHAN ALEJANDRO PANESSO,176.918)
(9,12270632,1,MISAELHURTADO VARGAS,49.3219)
(9,12989292,1,FRANCISCO JAVIER,36.267)
(9,14237285,1,JORGE CANOLE,94.9822)
(9,14442095,1,LEONARDO HOYOS PEREZ,246.571)
(9,14450792,1,MARIO DE JESUS HERNANDES,768.219)
(9,14577347,1,JORGE HERNANDEZ PIZARRO,16.2116)
(9,14609721,1,ROLANDO ORTIZ,48.2097)
(9,16276147,1,MARIO EMILO CASTRO,16.2983)
(9,16449969,1,ANIVAL SAMBONI,85.8506)
(9,16456923,1,NILXON PAlOMINO LABRADA,34.1186)
(9,16458644,1,FRANSUADY BALLESTEROS,219.766)
(9,16459780,1,ADRIAN NOREÑA,13.1822)
(9,16464387,1,DIEGO ARMANDO FERNANDES,275.818)
(9,16464845,1,JEISON CANO,16.6353)
(9,16613920,1,HELIBERTO LOPEZ,36.1261)
(9,16635890,1,JORGE LUIS PEÑUELA MARIN,22.1982)
(9,16652342,1,JAVIER CASTAÑO,68.1149)
(9,16653090,1,OSCAR ORTIZ,245.394)
(9,16661367,1,ORLANDO MELLIZO,0)
(9,16683408,1,OSCAR AGUIRRE,42.6077)
(9,16714652,1,ALFONSO VALENCIA,44.5073)
(9,16727437,1,DIEGO VARONA,122.063)
(9,16742328,1,MARINO DE JESUS,533.224)
(9,16758340,1,DAGO CHAVEZ,99.1079)
(9,16760299,1,ARBEY MARTINEZ,87.4242)
(9,16787418,1,LUIS CARLOS CAJIAO,44.3569)
(9,16804072,1,YHEISON GONZALES MEGIA,535.211)
(9,16855618,1,IVAN PALOMINO CARDONA,62.615)
(9,16989876,1,JHON CARDONA,49.6303)
(9,19119290,1,DAGOBERTO MONTES,50.1232)
(9,2631951,1,JUAN PABLO LOPEZ,0)
(9,29115406,1,ERICA CARDONA,33.2281)
(9,3131566,1,JOSE QUEMBA,0)
(9,31993829,1,NORA ISABEL HERRERA,0)
(9,3231566,1,JOSE QUEMBA,587.868)
(9,4547541,1,HECTOR WILLIAM JARAMILLO,73.5347)
(9,4663844,1,REINALDO ORTEGA,168.063)
(9,6054786,1,BERNARDO VELEZ,121.744)
(9,6135624,1,JOHN WILLIAM DIAZ,17.1889)
(9,6382118,1,JUSTI MARINO,93.9487)
(9,6497887,1,Jhon Jairo Mona Nieto,117.261)
(9,66771013,1,MARTHA NARANJO,37.539)
(9,67030496,1,DIANA LORENA CAMARGO,203.434)
(9,7561750,1,LUIS FERNANDO IBARRA,1218)
(9,76282814,1,ELADIO FERNANDEZ,389.858)
(9,79346242,1,WILSSON PAVA ANGARITA,87.5969)
(9,79634531,1,JORGE RUBEN GARAVITO GUTIERREZ,0)
(9,79741868,1,HERNANDO PERE,0)
(9,80054060,1,ANGEL MOGICA,361.823)
(9,80577028,1,MIGUEL CARRION,239.756)
(9,80811452,1,DIEGO JESUS TELLEZ ORTIZ,127.982)
(9,9099599,1,FERNANDO CUADRO JIMENEZ,0)
(9,94070586,1,HECTOR FABIO ALBA,3.2464)
(9,94296392,1,WILSON GIRALDO MARTINEZ,197.765)
(9,94297046,1,JAVIER OSORIO POLANIA,0)
(9,94313618,1,JHON JAIRO SALCESO,0)
(9,94318370,1,WILLINGTON VALLEJO LOAIZA,1624.92)
(9,94361239,1,ALBERTO RODRIGUEZ,288.209)
(9,94380091,1,JAILER CORTES,76.4331)
(9,94396916,1,FREDY MOLINA AGREDA,84.961)
(9,94398073,1,LUIS RAMIREZ,322.822)
(9,94405525,1,GUSTAVO LADINO HOLGUIN,33.4659)
(9,94412242,1,MAURICIO MENESES RUIZ,243.307)
(9,94424412,1,GUSTAVO ADOLFO LOPEZ MEDINA,387.171)
(9,94450892,1,LUIS ALEJANDRO ESTUPIÑAN,111.609)
(9,94451641,1,JOSE ADELMO TRUJILLO,25.159)
(9,94456006,1,ALEXANDER CATASÑO,74.9271)
(9,94489454,1,EDWIN SANCHEZ,52.9483)
(9,94492796,1,DAVID BOTERO,232.636)
(9,94503196,1,ALEJANDRO GARCIA,248.243)
(9,945039378,1,JAIRO CAICEDO,0)
(9,94507564,1,DIEGO MOZQUERA,52.8106)
(9,94525847,1,MAURICIO POLANCO,40.5322)
(9,94535606,1,LUIS GABRIEL RAMIREZ,55.5885)
(9,94539378,1,JAIRO CAICEDO,639.426)
(9,94544133,1,EDWIN DOMINGUEZ,187.585)

(87 filas afectadas)

